[16:42:04] WARNING: Omitted undefined stereo
[16:42:04] WARNING: Omitted undefined stereo
[16:42:33] WARNING: Omitted undefined stereo
[16:42:33] WARNING: Omitted undefined stereo
[16:42:33] WARNING: Omitted undefined stereo
[16:42:55] WARNING: Omitted undefined stereo
[16:42:55] WARNING: Omitted undefined stereo
[16:43:54] WARNING: Omitted undefined stereo
[16:43:54] WARNING: Omitted undefined stereo
[16:43:54] WARNING: Proton(s) added/removed; Omitted undefined stereo
[16:43:54] WARNING: Omitted undefined stereo
[16:43:54] WARNING: Omitted undefined stereo
[16:43:54] WARNING: Omitted undefined stereo
[16:43:54] WARNING: Omitted undefined stereo
[16:43:54] WARNING: Omitted undefined stereo
[16:43:54] WARNING: Omitted undefined stereo
[16:44:38] WARNING: Omitted undefined stereo
[16:44:38] WARNING: Omitted undefined stereo
[16:44:38] WARNING: Omitted undefined stereo
[16:45:02] WARNING: Omitted undefined stereo
[16:45:02] WARNING: Omitted undefined stereo
[16:45:02] WARNING: Omitted undefined stereo
[16:45:39] WARNING: Omitted undefined stereo
[16:45:39] WARNING: Omitted undefined stereo
[16:46:08] WARNING: Omitted undefined stereo
[16:46:08] WARNING: Omitted undefined stereo
[16:46:08] WARNING: Omitted undefined stereo
[16:46:08] WARNING: Omitted undefined stereo
[16:47:19] WARNING: Omitted undefined stereo
[16:47:19] WARNING: Omitted undefined stereo
[16:47:19] WARNING: Omitted undefined stereo
[16:47:19] WARNING: Omitted undefined stereo
[16:47:19] WARNING: Omitted undefined stereo
[16:47:55] WARNING: Omitted undefined stereo
[16:47:55] WARNING: Omitted undefined stereo
[16:47:55] WARNING: Omitted undefined stereo
[16:48:26] WARNING: Omitted undefined stereo
[16:48:26] WARNING: Omitted undefined stereo
[16:48:26] WARNING: Omitted undefined stereo
[16:48:26] WARNING: Omitted undefined stereo
[16:48:26] WARNING: Omitted undefined stereo
[16:48:26] WARNING: Omitted undefined stereo
[16:48:26] WARNING: Omitted undefined stereo
[16:48:26] WARNING: Omitted undefined stereo
[16:48:26] WARNING: Omitted undefined stereo
[16:48:26] WARNING: Omitted undefined stereo
[16:48:26] WARNING: Omitted undefined stereo
[16:49:11] WARNING: Omitted undefined stereo
[16:49:11] WARNING: Omitted undefined stereo
[16:49:11] WARNING: Omitted undefined stereo
[16:49:11] WARNING: Omitted undefined stereo
[16:49:11] WARNING: Omitted undefined stereo
[16:49:11] WARNING: Omitted undefined stereo
<frozen importlib._bootstrap>:219: RuntimeWarning: scipy._lib.messagestream.MessageStream size changed, may indicate binary incompatibility. Expected 56 from C header, got 64 from PyObject
/work/mech-ai/bella/MolTransformer_repo/MolTransformer/generative/generative_utils.py:558: SettingWithCopyWarning: 
A value is trying to be set on a copy of a slice from a DataFrame.
Try using .loc[row_indexer,col_indexer] = value instead

See the caveats in the documentation: https://pandas.pydata.org/pandas-docs/stable/user_guide/indexing.html#returning-a-view-versus-a-copy
  df_no_dupes_smiles['InChI'] = df_no_dupes_smiles['SMILES'].apply(safe_smiles_to_inchi)
/work/mech-ai/bella/MolTransformer_repo/MolTransformer/generative/generative_utils.py:558: SettingWithCopyWarning: 
A value is trying to be set on a copy of a slice from a DataFrame.
Try using .loc[row_indexer,col_indexer] = value instead

See the caveats in the documentation: https://pandas.pydata.org/pandas-docs/stable/user_guide/indexing.html#returning-a-view-versus-a-copy
  df_no_dupes_smiles['InChI'] = df_no_dupes_smiles['SMILES'].apply(safe_smiles_to_inchi)
/work/mech-ai/bella/MolTransformer_repo/MolTransformer/generative/generative_utils.py:558: SettingWithCopyWarning: 
A value is trying to be set on a copy of a slice from a DataFrame.
Try using .loc[row_indexer,col_indexer] = value instead

See the caveats in the documentation: https://pandas.pydata.org/pandas-docs/stable/user_guide/indexing.html#returning-a-view-versus-a-copy
  df_no_dupes_smiles['InChI'] = df_no_dupes_smiles['SMILES'].apply(safe_smiles_to_inchi)
/work/mech-ai/bella/MolTransformer_repo/MolTransformer/generative/generative_utils.py:558: SettingWithCopyWarning: 
A value is trying to be set on a copy of a slice from a DataFrame.
Try using .loc[row_indexer,col_indexer] = value instead

See the caveats in the documentation: https://pandas.pydata.org/pandas-docs/stable/user_guide/indexing.html#returning-a-view-versus-a-copy
  df_no_dupes_smiles['InChI'] = df_no_dupes_smiles['SMILES'].apply(safe_smiles_to_inchi)
/work/mech-ai/bella/MolTransformer_repo/MolTransformer/generative/generative_utils.py:558: SettingWithCopyWarning: 
A value is trying to be set on a copy of a slice from a DataFrame.
Try using .loc[row_indexer,col_indexer] = value instead

See the caveats in the documentation: https://pandas.pydata.org/pandas-docs/stable/user_guide/indexing.html#returning-a-view-versus-a-copy
  df_no_dupes_smiles['InChI'] = df_no_dupes_smiles['SMILES'].apply(safe_smiles_to_inchi)
/work/mech-ai/bella/MolTransformer_repo/MolTransformer/generative/generative_utils.py:558: SettingWithCopyWarning: 
A value is trying to be set on a copy of a slice from a DataFrame.
Try using .loc[row_indexer,col_indexer] = value instead

See the caveats in the documentation: https://pandas.pydata.org/pandas-docs/stable/user_guide/indexing.html#returning-a-view-versus-a-copy
  df_no_dupes_smiles['InChI'] = df_no_dupes_smiles['SMILES'].apply(safe_smiles_to_inchi)
/work/mech-ai/bella/MolTransformer_repo/MolTransformer/generative/generative_utils.py:558: SettingWithCopyWarning: 
A value is trying to be set on a copy of a slice from a DataFrame.
Try using .loc[row_indexer,col_indexer] = value instead

See the caveats in the documentation: https://pandas.pydata.org/pandas-docs/stable/user_guide/indexing.html#returning-a-view-versus-a-copy
  df_no_dupes_smiles['InChI'] = df_no_dupes_smiles['SMILES'].apply(safe_smiles_to_inchi)
/work/mech-ai/bella/MolTransformer_repo/MolTransformer/generative/generative_utils.py:558: SettingWithCopyWarning: 
A value is trying to be set on a copy of a slice from a DataFrame.
Try using .loc[row_indexer,col_indexer] = value instead

See the caveats in the documentation: https://pandas.pydata.org/pandas-docs/stable/user_guide/indexing.html#returning-a-view-versus-a-copy
  df_no_dupes_smiles['InChI'] = df_no_dupes_smiles['SMILES'].apply(safe_smiles_to_inchi)
/work/mech-ai/bella/MolTransformer_repo/MolTransformer/generative/generative_utils.py:558: SettingWithCopyWarning: 
A value is trying to be set on a copy of a slice from a DataFrame.
Try using .loc[row_indexer,col_indexer] = value instead

See the caveats in the documentation: https://pandas.pydata.org/pandas-docs/stable/user_guide/indexing.html#returning-a-view-versus-a-copy
  df_no_dupes_smiles['InChI'] = df_no_dupes_smiles['SMILES'].apply(safe_smiles_to_inchi)
/work/mech-ai/bella/MolTransformer_repo/MolTransformer/generative/generative_utils.py:558: SettingWithCopyWarning: 
A value is trying to be set on a copy of a slice from a DataFrame.
Try using .loc[row_indexer,col_indexer] = value instead

See the caveats in the documentation: https://pandas.pydata.org/pandas-docs/stable/user_guide/indexing.html#returning-a-view-versus-a-copy
  df_no_dupes_smiles['InChI'] = df_no_dupes_smiles['SMILES'].apply(safe_smiles_to_inchi)
/work/mech-ai/bella/MolTransformer_repo/MolTransformer/generative/generative_utils.py:558: SettingWithCopyWarning: 
A value is trying to be set on a copy of a slice from a DataFrame.
Try using .loc[row_indexer,col_indexer] = value instead

See the caveats in the documentation: https://pandas.pydata.org/pandas-docs/stable/user_guide/indexing.html#returning-a-view-versus-a-copy
  df_no_dupes_smiles['InChI'] = df_no_dupes_smiles['SMILES'].apply(safe_smiles_to_inchi)
/work/mech-ai/bella/MolTransformer_repo/MolTransformer/generative/generative_utils.py:558: SettingWithCopyWarning: 
A value is trying to be set on a copy of a slice from a DataFrame.
Try using .loc[row_indexer,col_indexer] = value instead

See the caveats in the documentation: https://pandas.pydata.org/pandas-docs/stable/user_guide/indexing.html#returning-a-view-versus-a-copy
  df_no_dupes_smiles['InChI'] = df_no_dupes_smiles['SMILES'].apply(safe_smiles_to_inchi)
expect a configuration file at : /work/mech-ai/bella/MolTransformer_repo/MolTransformer/train_config.json
Log file will be located at:  /work/mech-ai/bella/MolTransformer_repo/MolTransformer/log_file.log
expect a configuration file at : /work/mech-ai/bella/MolTransformer_repo/MolTransformer/train_config.json
expect a configuration file at : /work/mech-ai/bella/MolTransformer_repo/MolTransformer/train_config.json
expect a configuration file at : /work/mech-ai/bella/MolTransformer_repo/MolTransformer/config.json
self.mode SS
done intialized
loading SS model
load the cpu model!! 
selfies  ['[H][C][Branch1][C][H][Branch1][C][H][H]']
selfies  ['[H][C][=C][Branch1][C][H][C][Branch1][C][H][=C][Branch2][Ring1][=Branch1][C][=C][Branch1][C][H][C][Branch1][C][H][=C][Branch1][C][H][C][Branch1][C][H][=C][Ring1][#Branch2][H][C][Branch1][C][H][=C][Ring2][Ring1][Ring2][H]']
shape of interpolated_memories_array:  (200, 1, 401, 30)
Saved visualization to /work/mech-ai/bella/ChemTransformer/report/GenerativeMethods/molecular_evolution_histogram//0/molecular_evolution/MolecularLinearEvolution1.png
done 1 pair
self.mode SS
done intialized
loading SS model
load the cpu model!! 
selfies  ['[H][C][Branch1][C][H][Branch1][C][H][H]']
selfies  ['[H][C][=C][Branch1][C][H][C][Branch1][C][H][=C][C][Branch1][C][H][=C][C][Branch1][C][H][=C][C][Branch1][C][H][=C][C][Branch1][C][H][=C][Branch1][C][H][C][Branch1][C][H][=C][Branch1][C][H][C][Ring1][#Branch2][=C][Branch1][C][H][C][Ring1][S][=C][Branch1][C][H][C][Ring2][Ring1][=Branch1][=C][Branch1][C][H][C][Ring2][Ring1][N][=C][Ring2][Ring2][C][H]']
shape of interpolated_memories_array:  (200, 1, 401, 30)
Saved visualization to /work/mech-ai/bella/ChemTransformer/report/GenerativeMethods/molecular_evolution_histogram//1/molecular_evolution/MolecularLinearEvolution1.png
done 1 pair
self.mode SS
done intialized
loading SS model
load the cpu model!! 
selfies  ['[H][C][Branch1][C][H][Branch1][C][H][H]']
selfies  ['[H][C][=C][Branch1][C][H][C][Branch1][C][H][=C][C][=Branch1][Branch1][=C][Ring1][Branch2][H][S][C][=C][Ring1][#Branch1][S][C][=C][Branch1][C][H][C][Branch1][C][H][=C][Branch1][C][H][C][Branch1][C][H][=C][Ring1][#Branch2][Ring1][=N]']
shape of interpolated_memories_array:  (200, 1, 401, 30)
Saved visualization to /work/mech-ai/bella/ChemTransformer/report/GenerativeMethods/molecular_evolution_histogram//2/molecular_evolution/MolecularLinearEvolution1.png
done 1 pair
self.mode SS
done intialized
loading SS model
load the cpu model!! 
selfies  ['[H][C][Branch1][C][H][Branch1][C][H][H]']
selfies  ['[H][C][=C][Branch1][C][H][C][Branch1][C][H][=C][C][Branch1][C][H][=C][C][Branch2][Branch1][Ring2][C][#C][Si][C][Branch1][C][H][Branch1][=Branch2][C][Branch1][C][H][Branch1][C][H][H][C][Branch1][C][H][Branch1][C][H][C][Ring1][O][Branch1][C][H][C][Branch1][C][H][Branch1][C][H][C][Ring1][S][Branch1][C][H][C][Branch1][C][H][Branch1][C][H][H][=C][C][Branch1][C][H][=C][C][Branch1][C][H][=C][Branch1][C][H][C][Branch1][C][H][=C][Branch1][C][H][C][Ring1][#Branch2][=C][Branch1][C][H][C][Ring1][S][=C][Branch2][Branch1][Ring2][C][#C][Si][C][Branch1][C][H][Branch1][=Branch2][C][Branch1][C][H][Branch1][C][H][H][C][Branch1][C][H][Branch1][C][H][C][Ring1][O][Branch1][C][H][C][Branch1][C][H][Branch1][C][H][C][Ring1][S][Branch1][C][H][C][Branch1][C][H][Branch1][C][H][H][C][Ring2][=Branch1][C][=C][Branch1][C][H][C][Ring2][=Branch1][Branch2][=C][Ring2][=Branch1][=C][H]']
shape of interpolated_memories_array:  (200, 1, 401, 30)
Saved visualization to /work/mech-ai/bella/ChemTransformer/report/GenerativeMethods/molecular_evolution_histogram//3/molecular_evolution/MolecularLinearEvolution1.png
done 1 pair
self.mode SS
done intialized
loading SS model
load the cpu model!! 
selfies  ['[H][C][Branch1][C][H][Branch1][C][H][H]']
selfies  ['[H][O][C][=C][Branch1][C][H][C][Branch1][C][H][=C][Branch2][=Branch1][Ring2][C][=C][Branch1][C][H][C][Branch1][Ring1][O][H][=C][Branch1][Ring1][O][H][C][Branch1][C][H][=C][Ring1][N][C][=C][Branch1][C][H][C][Branch1][Ring1][O][H][=C][Branch1][Ring1][O][H][C][Branch1][C][H][=C][Ring1][N][C][=C][Branch1][C][H][C][Branch1][C][H][=C][Branch1][Ring1][O][H][C][Branch1][Ring1][O][H][=C][Ring1][N][H][C][Branch1][C][H][=C][Ring2][Ring2][=C][O][H]']
shape of interpolated_memories_array:  (200, 1, 401, 30)
Saved visualization to /work/mech-ai/bella/ChemTransformer/report/GenerativeMethods/molecular_evolution_histogram//4/molecular_evolution/MolecularLinearEvolution1.png
done 1 pair
self.mode SS
done intialized
loading SS model
load the cpu model!! 
selfies  ['[H][C][=C][Branch1][C][H][C][Branch1][C][H][=C][Branch1][C][H][C][Branch1][C][H][=C][Ring1][#Branch2][H]']
selfies  ['[H][C][=C][Branch1][C][H][C][Branch1][C][H][=C][Branch2][Ring1][=Branch1][C][=C][Branch1][C][H][C][Branch1][C][H][=C][Branch1][C][H][C][Branch1][C][H][=C][Ring1][#Branch2][H][C][Branch1][C][H][=C][Ring2][Ring1][Ring2][H]']
shape of interpolated_memories_array:  (200, 1, 401, 30)
Saved visualization to /work/mech-ai/bella/ChemTransformer/report/GenerativeMethods/molecular_evolution_histogram//5/molecular_evolution/MolecularLinearEvolution1.png
done 1 pair
self.mode SS
done intialized
loading SS model
load the cpu model!! 
selfies  ['[H][C][=C][Branch1][C][H][C][Branch1][C][H][=C][Branch1][C][H][C][Branch1][C][H][=C][Ring1][#Branch2][H]']
selfies  ['[H][C][=C][Branch1][C][H][C][Branch1][C][H][=C][C][Branch1][C][H][=C][C][Branch1][C][H][=C][C][Branch1][C][H][=C][C][Branch1][C][H][=C][Branch1][C][H][C][Branch1][C][H][=C][Branch1][C][H][C][Ring1][#Branch2][=C][Branch1][C][H][C][Ring1][S][=C][Branch1][C][H][C][Ring2][Ring1][=Branch1][=C][Branch1][C][H][C][Ring2][Ring1][N][=C][Ring2][Ring2][C][H]']
shape of interpolated_memories_array:  (200, 1, 401, 30)
Saved visualization to /work/mech-ai/bella/ChemTransformer/report/GenerativeMethods/molecular_evolution_histogram//6/molecular_evolution/MolecularLinearEvolution1.png
done 1 pair
self.mode SS
done intialized
loading SS model
load the cpu model!! 
selfies  ['[H][C][=C][Branch1][C][H][C][Branch1][C][H][=C][Branch1][C][H][C][Branch1][C][H][=C][Ring1][#Branch2][H]']
selfies  ['[H][C][=C][Branch1][C][H][C][Branch1][C][H][=C][C][=Branch1][Branch1][=C][Ring1][Branch2][H][S][C][=C][Ring1][#Branch1][S][C][=C][Branch1][C][H][C][Branch1][C][H][=C][Branch1][C][H][C][Branch1][C][H][=C][Ring1][#Branch2][Ring1][=N]']
shape of interpolated_memories_array:  (200, 1, 401, 30)
IOError
Saved visualization to /work/mech-ai/bella/ChemTransformer/report/GenerativeMethods/molecular_evolution_histogram//7/molecular_evolution/MolecularLinearEvolution1.png
done 1 pair
self.mode SS
done intialized
loading SS model
load the cpu model!! 
selfies  ['[H][C][=C][Branch1][C][H][C][Branch1][C][H][=C][Branch1][C][H][C][Branch1][C][H][=C][Ring1][#Branch2][H]']
selfies  ['[H][C][=C][Branch1][C][H][C][Branch1][C][H][=C][C][Branch1][C][H][=C][C][Branch2][Branch1][Ring2][C][#C][Si][C][Branch1][C][H][Branch1][=Branch2][C][Branch1][C][H][Branch1][C][H][H][C][Branch1][C][H][Branch1][C][H][C][Ring1][O][Branch1][C][H][C][Branch1][C][H][Branch1][C][H][C][Ring1][S][Branch1][C][H][C][Branch1][C][H][Branch1][C][H][H][=C][C][Branch1][C][H][=C][C][Branch1][C][H][=C][Branch1][C][H][C][Branch1][C][H][=C][Branch1][C][H][C][Ring1][#Branch2][=C][Branch1][C][H][C][Ring1][S][=C][Branch2][Branch1][Ring2][C][#C][Si][C][Branch1][C][H][Branch1][=Branch2][C][Branch1][C][H][Branch1][C][H][H][C][Branch1][C][H][Branch1][C][H][C][Ring1][O][Branch1][C][H][C][Branch1][C][H][Branch1][C][H][C][Ring1][S][Branch1][C][H][C][Branch1][C][H][Branch1][C][H][H][C][Ring2][=Branch1][C][=C][Branch1][C][H][C][Ring2][=Branch1][Branch2][=C][Ring2][=Branch1][=C][H]']
shape of interpolated_memories_array:  (200, 1, 401, 30)
Saved visualization to /work/mech-ai/bella/ChemTransformer/report/GenerativeMethods/molecular_evolution_histogram//8/molecular_evolution/MolecularLinearEvolution1.png
done 1 pair
self.mode SS
done intialized
loading SS model
load the cpu model!! 
selfies  ['[H][C][=C][Branch1][C][H][C][Branch1][C][H][=C][Branch1][C][H][C][Branch1][C][H][=C][Ring1][#Branch2][H]']
selfies  ['[H][O][C][=C][Branch1][C][H][C][Branch1][C][H][=C][Branch2][=Branch1][Ring2][C][=C][Branch1][C][H][C][Branch1][Ring1][O][H][=C][Branch1][Ring1][O][H][C][Branch1][C][H][=C][Ring1][N][C][=C][Branch1][C][H][C][Branch1][Ring1][O][H][=C][Branch1][Ring1][O][H][C][Branch1][C][H][=C][Ring1][N][C][=C][Branch1][C][H][C][Branch1][C][H][=C][Branch1][Ring1][O][H][C][Branch1][Ring1][O][H][=C][Ring1][N][H][C][Branch1][C][H][=C][Ring2][Ring2][=C][O][H]']
shape of interpolated_memories_array:  (200, 1, 401, 30)
Saved visualization to /work/mech-ai/bella/ChemTransformer/report/GenerativeMethods/molecular_evolution_histogram//9/molecular_evolution/MolecularLinearEvolution1.png
done 1 pair
self.mode SS
done intialized
loading SS model
load the cpu model!! 
selfies  ['[H][O][C][Branch1][C][H][Branch1][C][H][C][Branch1][C][H][Branch1][C][H][O][C][Branch1][C][H][Branch1][C][H][N][C][Branch1][C][H][=N][C][=C][Ring1][=Branch1][N][Branch1][C][H][C][Branch1][C][H][Branch1][=Branch1][N][Branch1][C][H][H][N][Branch1][C][H][C][Ring1][N][=O]']
selfies  ['[H][C][=C][Branch1][C][H][C][Branch1][C][H][=C][Branch2][Ring1][=Branch1][C][=C][Branch1][C][H][C][Branch1][C][H][=C][Branch1][C][H][C][Branch1][C][H][=C][Ring1][#Branch2][H][C][Branch1][C][H][=C][Ring2][Ring1][Ring2][H]']
shape of interpolated_memories_array:  (200, 1, 401, 30)
Saved visualization to /work/mech-ai/bella/ChemTransformer/report/GenerativeMethods/molecular_evolution_histogram//10/molecular_evolution/MolecularLinearEvolution1.png
done 1 pair
self.mode SS
done intialized
loading SS model
load the cpu model!! 
selfies  ['[H][O][C][Branch1][C][H][Branch1][C][H][C][Branch1][C][H][Branch1][C][H][O][C][Branch1][C][H][Branch1][C][H][N][C][Branch1][C][H][=N][C][=C][Ring1][=Branch1][N][Branch1][C][H][C][Branch1][C][H][Branch1][=Branch1][N][Branch1][C][H][H][N][Branch1][C][H][C][Ring1][N][=O]']
selfies  ['[H][C][=C][Branch1][C][H][C][Branch1][C][H][=C][C][Branch1][C][H][=C][C][Branch1][C][H][=C][C][Branch1][C][H][=C][C][Branch1][C][H][=C][Branch1][C][H][C][Branch1][C][H][=C][Branch1][C][H][C][Ring1][#Branch2][=C][Branch1][C][H][C][Ring1][S][=C][Branch1][C][H][C][Ring2][Ring1][=Branch1][=C][Branch1][C][H][C][Ring2][Ring1][N][=C][Ring2][Ring2][C][H]']
shape of interpolated_memories_array:  (200, 1, 401, 30)
Traceback (most recent call last):
  File "/work/mech-ai/bella/selfies_envs/lib/python3.8/urllib/request.py", line 1354, in do_open
    h.request(req.get_method(), req.selector, req.data, headers,
  File "/work/mech-ai/bella/selfies_envs/lib/python3.8/http/client.py", line 1256, in request
    self._send_request(method, url, body, headers, encode_chunked)
  File "/work/mech-ai/bella/selfies_envs/lib/python3.8/http/client.py", line 1302, in _send_request
    self.endheaders(body, encode_chunked=encode_chunked)
  File "/work/mech-ai/bella/selfies_envs/lib/python3.8/http/client.py", line 1251, in endheaders
    self._send_output(message_body, encode_chunked=encode_chunked)
  File "/work/mech-ai/bella/selfies_envs/lib/python3.8/http/client.py", line 1011, in _send_output
    self.send(msg)
  File "/work/mech-ai/bella/selfies_envs/lib/python3.8/http/client.py", line 951, in send
    self.connect()
  File "/work/mech-ai/bella/selfies_envs/lib/python3.8/http/client.py", line 1418, in connect
    super().connect()
  File "/work/mech-ai/bella/selfies_envs/lib/python3.8/http/client.py", line 922, in connect
    self.sock = self._create_connection(
  File "/work/mech-ai/bella/selfies_envs/lib/python3.8/socket.py", line 808, in create_connection
    raise err
  File "/work/mech-ai/bella/selfies_envs/lib/python3.8/socket.py", line 796, in create_connection
    sock.connect(sa)
OSError: [Errno 101] Network is unreachable

During handling of the above exception, another exception occurred:

Traceback (most recent call last):
  File "/work/mech-ai/bella/MolTransformer_repo/main_molecular_evolution.py", line 15, in <module>
    GM.molecular_evolution(start_molecule, end_molecule, number = 200)
  File "/work/mech-ai/bella/MolTransformer_repo/MolTransformer/generative/generative_method.py", line 122, in molecular_evolution
    filtered_df = validate_smiles_in_pubchem(filtered_df) 
  File "/work/mech-ai/bella/MolTransformer_repo/MolTransformer/generative/generative_utils.py", line 108, in validate_smiles_in_pubchem
    df.loc[:, 'pubchem'] = df['SMILES'].apply(check_pubchem)
  File "/work/mech-ai/bella/selfies_envs/lib/python3.8/site-packages/pandas/core/series.py", line 4357, in apply
    return SeriesApply(self, func, convert_dtype, args, kwargs).apply()
  File "/work/mech-ai/bella/selfies_envs/lib/python3.8/site-packages/pandas/core/apply.py", line 1043, in apply
    return self.apply_standard()
  File "/work/mech-ai/bella/selfies_envs/lib/python3.8/site-packages/pandas/core/apply.py", line 1098, in apply_standard
    mapped = lib.map_infer(
  File "pandas/_libs/lib.pyx", line 2859, in pandas._libs.lib.map_infer
  File "/work/mech-ai/bella/MolTransformer_repo/MolTransformer/generative/generative_utils.py", line 81, in check_pubchem
    pcpmol = pcp.get_compounds(clean_smile, namespace="smiles")[0]
  File "/work/mech-ai/bella/selfies_envs/lib/python3.8/site-packages/pubchempy.py", line 321, in get_compounds
    results = get_json(identifier, namespace, searchtype=searchtype, **kwargs)
  File "/work/mech-ai/bella/selfies_envs/lib/python3.8/site-packages/pubchempy.py", line 299, in get_json
    return json.loads(get(identifier, namespace, domain, operation, 'JSON', searchtype, **kwargs).decode())
  File "/work/mech-ai/bella/selfies_envs/lib/python3.8/site-packages/pubchempy.py", line 292, in get
    response = request(identifier, namespace, domain, operation, output, searchtype, **kwargs).read()
  File "/work/mech-ai/bella/selfies_envs/lib/python3.8/site-packages/pubchempy.py", line 271, in request
    response = urlopen(apiurl, postdata)
  File "/work/mech-ai/bella/selfies_envs/lib/python3.8/urllib/request.py", line 222, in urlopen
    return opener.open(url, data, timeout)
  File "/work/mech-ai/bella/selfies_envs/lib/python3.8/urllib/request.py", line 525, in open
    response = self._open(req, data)
  File "/work/mech-ai/bella/selfies_envs/lib/python3.8/urllib/request.py", line 542, in _open
    result = self._call_chain(self.handle_open, protocol, protocol +
  File "/work/mech-ai/bella/selfies_envs/lib/python3.8/urllib/request.py", line 502, in _call_chain
    result = func(*args)
  File "/work/mech-ai/bella/selfies_envs/lib/python3.8/urllib/request.py", line 1397, in https_open
    return self.do_open(http.client.HTTPSConnection, req,
  File "/work/mech-ai/bella/selfies_envs/lib/python3.8/urllib/request.py", line 1357, in do_open
    raise URLError(err)
urllib.error.URLError: <urlopen error [Errno 101] Network is unreachable>
